<?xml version="1.0" encoding="UTF-8"?>
<!-- Generated by org.testng.reporters.JUnitXMLReporter -->
<testsuite ignored="0" hostname="WSN7LTGDY3" failures="1" tests="2" name="Test_AddToCart" time="11.239" errors="0" timestamp="2024-04-03T14:31:17 IST">
  <testcase classname="scripts.LabFriend_AddToCart" name="labfriendAddToCart" time="0.007"/>
  <testcase classname="scripts.LabFriend_AddToCart" name="labfriendAddToCart_2" time="0.008">
    <failure type="java.lang.AssertionError" message="expected [false] but found [true]">
      <![CDATA[java.lang.AssertionError: expected [false] but found [true]
at scripts.LabFriend_AddToCart.labfriendAddToCart_2(LabFriend_AddToCart.java:39)
at java.base/java.util.ArrayList.forEach(ArrayList.java:1511)
... Removed 31 stack frames]]>
    </failure>
  </testcase> <!-- labfriendAddToCart_2 -->
</testsuite> <!-- Test_AddToCart -->
