<?xml version="1.0" encoding="UTF-8"?>
<testng-results ignored="0" total="1" passed="1" failed="0" skipped="0">
  <reporter-output>
  </reporter-output>
  <suite started-at="2024-04-16T12:50:40 IST" name="Suite" finished-at="2024-04-16T12:52:27 IST" duration-ms="106375">
    <groups>
    </groups>
    <test started-at="2024-04-16T12:50:40 IST" name="Test_AddToCart" finished-at="2024-04-16T12:52:27 IST" duration-ms="106375">
      <class name="scripts.Labfriend_CheckoutProductsScript">
        <test-method is-config="true" signature="launchApplication()[pri:0, instance:scripts.Labfriend_CheckoutProductsScript@28261e8e]" started-at="2024-04-16T12:50:40 IST" name="launchApplication" finished-at="2024-04-16T12:50:47 IST" duration-ms="7269" status="PASS">
          <reporter-output>
          </reporter-output>
        </test-method> <!-- launchApplication -->
        <test-method signature="checkoutProducts()[pri:0, instance:scripts.Labfriend_CheckoutProductsScript@28261e8e]" started-at="2024-04-16T12:50:47 IST" name="checkoutProducts" finished-at="2024-04-16T12:52:27 IST" duration-ms="99085" status="PASS">
          <reporter-output>
          </reporter-output>
        </test-method> <!-- checkoutProducts -->
        <test-method is-config="true" signature="tearDown()[pri:0, instance:scripts.Labfriend_CheckoutProductsScript@28261e8e]" started-at="2024-04-16T12:52:27 IST" name="tearDown" finished-at="2024-04-16T12:52:27 IST" duration-ms="0" status="PASS">
          <reporter-output>
          </reporter-output>
        </test-method> <!-- tearDown -->
      </class> <!-- scripts.Labfriend_CheckoutProductsScript -->
    </test> <!-- Test_AddToCart -->
  </suite> <!-- Suite -->
</testng-results>
