<?xml version="1.0" encoding="UTF-8"?>
<testng-results ignored="0" total="1" passed="1" failed="0" skipped="0">
  <reporter-output>
  </reporter-output>
  <suite started-at="2024-04-10T13:50:58 IST" name="Suite" finished-at="2024-04-10T13:51:15 IST" duration-ms="16986">
    <groups>
    </groups>
    <test started-at="2024-04-10T13:50:58 IST" name="Test_AddToCart" finished-at="2024-04-10T13:51:15 IST" duration-ms="16986">
      <class name="scripts.Labfriend_CheckoutProductsScript">
        <test-method is-config="true" signature="launchApplication()[pri:0, instance:scripts.Labfriend_CheckoutProductsScript@7a6d7e92]" started-at="2024-04-10T13:50:58 IST" name="launchApplication" finished-at="2024-04-10T13:51:06 IST" duration-ms="8780" status="PASS">
          <reporter-output>
          </reporter-output>
        </test-method> <!-- launchApplication -->
        <test-method signature="checkoutProducts()[pri:0, instance:scripts.Labfriend_CheckoutProductsScript@7a6d7e92]" started-at="2024-04-10T13:51:06 IST" name="checkoutProducts" finished-at="2024-04-10T13:51:15 IST" duration-ms="8174" status="PASS">
          <reporter-output>
          </reporter-output>
        </test-method> <!-- checkoutProducts -->
        <test-method is-config="true" signature="tearDown()[pri:0, instance:scripts.Labfriend_CheckoutProductsScript@7a6d7e92]" started-at="2024-04-10T13:51:15 IST" name="tearDown" finished-at="2024-04-10T13:51:15 IST" duration-ms="0" status="PASS">
          <reporter-output>
          </reporter-output>
        </test-method> <!-- tearDown -->
      </class> <!-- scripts.Labfriend_CheckoutProductsScript -->
    </test> <!-- Test_AddToCart -->
  </suite> <!-- Suite -->
</testng-results>
